<?xml version="1.0" encoding="UTF-8"?>
<!-- Generated by org.testng.reporters.JUnitReportReporter -->
<testsuite hostname="DESKTOP-NFT8SKL" failures="0" tests="10" name="ru.levelp.at.homework2.CalculatorDivTest" time="0.062" errors="0" timestamp="2022-06-19T16:37:49 MSK" skipped="0">
  <testcase classname="ru.levelp.at.homework2.CalculatorDivTest" name="calculatorDivTest" time="0.002"/>
  <system-out/>
  <testcase classname="ru.levelp.at.homework2.CalculatorDivTest" name="calculatorDivDoubleTest" time="0.004"/>
  <system-out/>
  <testcase classname="ru.levelp.at.homework2.CalculatorDivTest" name="exceptionTesting" time="0.006"/>
  <system-out/>
  <testcase classname="ru.levelp.at.homework2.CalculatorDivTest" name="exceptionDoubleTesting" time="0.003"/>
  <system-out/>
  <testcase classname="ru.levelp.at.homework2.CalculatorDivTest" name="calculatorDivDoubleTest" time="0.012"/>
  <system-out/>
  <testcase classname="ru.levelp.at.homework2.CalculatorDivTest" name="calculatorDivDoubleTest" time="0.003"/>
  <system-out/>
  <testcase classname="ru.levelp.at.homework2.CalculatorDivTest" name="calculatorDivTest" time="0.003"/>
  <system-out/>
  <testcase classname="ru.levelp.at.homework2.CalculatorDivTest" name="calculatorDivDoubleTest" time="0.003"/>
  <system-out/>
  <testcase classname="ru.levelp.at.homework2.CalculatorDivTest" name="calculatorDivTest" time="0.025"/>
  <system-out/>
  <testcase classname="ru.levelp.at.homework2.CalculatorDivTest" name="calculatorDivTest" time="0.001"/>
  <system-out/>
</testsuite> <!-- ru.levelp.at.homework2.CalculatorDivTest -->
