<?xml version="1.0" encoding="UTF-8"?>
<!-- Generated by org.testng.reporters.JUnitReportReporter -->
<testsuite hostname="DESKTOP-NFT8SKL" failures="0" tests="6" name="ru.levelp.at.homework2.CalculatorAnotherTest" time="0.049" errors="0" timestamp="2022-06-19T23:53:40 MSK" skipped="0">
  <testcase classname="ru.levelp.at.homework2.CalculatorAnotherTest" name="calculatorSqrtTest" time="0.002"/>
  <system-out/>
  <testcase classname="ru.levelp.at.homework2.CalculatorAnotherTest" name="calculatorSqrtTest" time="0.004"/>
  <system-out/>
  <testcase classname="ru.levelp.at.homework2.CalculatorAnotherTest" name="calculatorPowTest" time="0.010"/>
  <system-out/>
  <testcase classname="ru.levelp.at.homework2.CalculatorAnotherTest" name="calculatorPowTest" time="0.003"/>
  <system-out/>
  <testcase classname="ru.levelp.at.homework2.CalculatorAnotherTest" name="calculatorSqrtTest" time="0.029"/>
  <system-out/>
  <testcase classname="ru.levelp.at.homework2.CalculatorAnotherTest" name="calculatorPowTest" time="0.001"/>
  <system-out/>
</testsuite> <!-- ru.levelp.at.homework2.CalculatorAnotherTest -->
