<?xml version="1.0" encoding="UTF-8"?>
<!-- Generated by org.testng.reporters.JUnitReportReporter -->
<testsuite hostname="DESKTOP-NFT8SKL" failures="0" tests="8" name="ru.levelp.at.homework2.CalculatorMultTest" time="0.027" errors="0" timestamp="2022-06-19T16:37:49 MSK" skipped="0">
  <testcase classname="ru.levelp.at.homework2.CalculatorMultTest" name="calculatorMultiplyTest" time="0.003"/>
  <system-out/>
  <testcase classname="ru.levelp.at.homework2.CalculatorMultTest" name="calculatorMultiplyTest" time="0.002"/>
  <system-out/>
  <testcase classname="ru.levelp.at.homework2.CalculatorMultTest" name="calculatorMultiplyTest" time="0.002"/>
  <system-out/>
  <testcase classname="ru.levelp.at.homework2.CalculatorMultTest" name="calculatorMultiplyTest" time="0.002"/>
  <system-out/>
  <testcase classname="ru.levelp.at.homework2.CalculatorMultTest" name="calculatorMultiplyTest" time="0.012"/>
  <system-out/>
  <testcase classname="ru.levelp.at.homework2.CalculatorMultTest" name="calculatorMultiplyTest" time="0.003"/>
  <system-out/>
  <testcase classname="ru.levelp.at.homework2.CalculatorMultTest" name="calculatorMultiplyTest" time="0.001"/>
  <system-out/>
  <testcase classname="ru.levelp.at.homework2.CalculatorMultTest" name="calculatorMultiplyTest" time="0.002"/>
  <system-out/>
</testsuite> <!-- ru.levelp.at.homework2.CalculatorMultTest -->
