<?xml version="1.0" encoding="UTF-8"?>
<!-- Generated by org.testng.reporters.JUnitReportReporter -->
<testsuite hostname="DESKTOP-NFT8SKL" failures="0" tests="7" name="ru.levelp.at.homework2.CalculatorSumTest" time="0.012" errors="0" timestamp="2022-06-19T16:37:49 MSK" skipped="0">
  <testcase classname="ru.levelp.at.homework2.CalculatorSumTest" name="calculatorSumDoubleTest" time="0.002"/>
  <system-out/>
  <testcase classname="ru.levelp.at.homework2.CalculatorSumTest" name="calculatorSumTest" time="0.002"/>
  <system-out/>
  <testcase classname="ru.levelp.at.homework2.CalculatorSumTest" name="calculatorSumTest" time="0.000"/>
  <system-out/>
  <testcase classname="ru.levelp.at.homework2.CalculatorSumTest" name="calculatorSumTest" time="0.003"/>
  <system-out/>
  <testcase classname="ru.levelp.at.homework2.CalculatorSumTest" name="calculatorSumDoubleTest" time="0.003"/>
  <system-out/>
  <testcase classname="ru.levelp.at.homework2.CalculatorSumTest" name="calculatorSumDoubleTest" time="0.001"/>
  <system-out/>
  <testcase classname="ru.levelp.at.homework2.CalculatorSumTest" name="calculatorSumTest" time="0.001"/>
  <system-out/>
</testsuite> <!-- ru.levelp.at.homework2.CalculatorSumTest -->
